<?xml version="1.0" encoding="UTF-8"?>
<!-- Generated by org.testng.reporters.JUnitReportReporter -->
<testsuite skipped="0" hostname="DESKTOP-96NNTLC" name="UdemySelenium.Tests._03ErrorValidationTest" tests="1" failures="0" timestamp="2022-11-13T21:10:15 IST" time="27.012" errors="0">
  <testcase name="ProductErrorValidation" time="27.012" classname="UdemySelenium.Tests._03ErrorValidationTest"/>
  <system-out/>
</testsuite> <!-- UdemySelenium.Tests._03ErrorValidationTest -->
