<?xml version="1.0" encoding="UTF-8"?>
<!-- Generated by org.testng.reporters.JUnitReportReporter -->
<testsuite skipped="1" hostname="DESKTOP-96NNTLC" name="UdemySelenium.Tests._02OrderPlaceTest" tests="5" failures="0" timestamp="2022-10-11T20:37:48 IST" time="354.439" errors="0">
  <testcase name="OrderPlace" time="82.445" classname="UdemySelenium.Tests._02OrderPlaceTest"/>
  <system-out/>
  <testcase name="OrderPlace" time="106.255" classname="UdemySelenium.Tests._02OrderPlaceTest">
    <skipped/>
  </testcase> <!-- OrderPlace -->
  <system-out/>
  <testcase name="OrderHistory" time="60.379" classname="UdemySelenium.Tests._02OrderPlaceTest"/>
  <system-out/>
  <testcase name="OrderPlace" time="68.600" classname="UdemySelenium.Tests._02OrderPlaceTest"/>
  <system-out/>
  <testcase name="OrderHistory" time="36.760" classname="UdemySelenium.Tests._02OrderPlaceTest"/>
  <system-out/>
</testsuite> <!-- UdemySelenium.Tests._02OrderPlaceTest -->
