<?xml version="1.0" encoding="UTF-8"?>
<!-- Generated by org.testng.reporters.JUnitReportReporter -->
<testsuite skipped="0" hostname="DESKTOP-96NNTLC" name="Cucumber.TestNGTestRunner" tests="1" failures="0" timestamp="2022-11-13T21:27:39 IST" time="54.831" errors="0">
  <testcase name="runScenario" time="54.831" classname="Cucumber.TestNGTestRunner"/>
  <system-out/>
</testsuite> <!-- Cucumber.TestNGTestRunner -->
