<?xml version="1.0" encoding="UTF-8"?>
<!-- Generated by org.testng.reporters.JUnitReportReporter -->
<testsuite skipped="0" hostname="DESKTOP-96NNTLC" name="UdemySelenium.Tests._03ErrorValidation" tests="1" failures="0" timestamp="2022-10-04T21:12:35 IST" time="13.695" errors="0">
  <testcase name="errorvalidation" time="13.695" classname="UdemySelenium.Tests._03ErrorValidation"/>
  <system-out/>
</testsuite> <!-- UdemySelenium.Tests._03ErrorValidation -->
