<?xml version="1.0" encoding="UTF-8"?>
<!-- Generated by org.testng.reporters.JUnitReportReporter -->
<testsuite skipped="0" hostname="DESKTOP-96NNTLC" name="UdemySelenium.ExtentReportsDemo.ExtentReportsDemo" tests="1" failures="0" timestamp="2022-10-08T21:09:34 IST" time="45.826" errors="0">
  <testcase name="InitialDemo" time="45.826" classname="UdemySelenium.ExtentReportsDemo.ExtentReportsDemo"/>
  <system-out/>
</testsuite> <!-- UdemySelenium.ExtentReportsDemo.ExtentReportsDemo -->
