<?xml version="1.0" encoding="UTF-8"?>
<!-- Generated by org.testng.reporters.JUnitReportReporter -->
<testsuite hostname="DESKTOP-96NNTLC" failures="0" tests="4" name="UdemySelenium.Tests._02OrderPlaceTest" time="89.949" errors="0" timestamp="2022-10-13T22:52:36 IST" skipped="0">
  <testcase classname="UdemySelenium.Tests._02OrderPlaceTest" name="OrderPlace" time="16.551"/>
  <system-out/>
  <testcase classname="UdemySelenium.Tests._02OrderPlaceTest" name="OrderPlace" time="51.692"/>
  <system-out/>
  <testcase classname="UdemySelenium.Tests._02OrderPlaceTest" name="OrderHistory" time="11.415"/>
  <system-out/>
  <testcase classname="UdemySelenium.Tests._02OrderPlaceTest" name="OrderHistory" time="10.291"/>
  <system-out/>
</testsuite> <!-- UdemySelenium.Tests._02OrderPlaceTest -->
