<?xml version="1.0" encoding="UTF-8"?>
<!-- Generated by org.testng.reporters.JUnitReportReporter -->
<testsuite hostname="DESKTOP-96NNTLC" failures="0" tests="2" name="UdemySelenium.Tests._03ErrorValidationTest" time="251.133" errors="0" timestamp="2022-10-13T21:42:33 IST" skipped="1">
  <testcase classname="UdemySelenium.Tests._03ErrorValidationTest" name="LoginErrorValidation" time="61.299">
    <skipped/>
  </testcase> <!-- LoginErrorValidation -->
  <system-out/>
  <testcase classname="UdemySelenium.Tests._03ErrorValidationTest" name="LoginErrorValidation" time="189.834"/>
  <system-out/>
</testsuite> <!-- UdemySelenium.Tests._03ErrorValidationTest -->
